 r0 r1 roc ric fluid l dx =   6371.00000       6351.00000       6351.00000       6351.00000     F           0   20.0000000    
 top i n r vp vs =           8           1   6371.00000       5.80000019       3.46000004    
 bot i n r vp vs =           8           2   6351.00000       5.80000019       3.46000004    
 r0 r1 roc ric fluid l dx =   6351.00000       6336.00000       6336.00000       6336.00000     F           0   15.0000000    
 top i n r vp vs =           7           3   6351.00000       6.50000000       3.84999990    
 bot i n r vp vs =           7           4   6336.00000       6.50000000       3.84999990    
 r0 r1 roc ric fluid l dx =   6336.00000       6161.00000       6161.00000       6161.00000     F           3   43.7500000    
 top i n r vp vs =           6           5   6336.00000       8.04000092       4.48000145    
 bot i n r vp vs =           6           9   6161.00000       8.29998398       4.51799917    
 r0 r1 roc ric fluid l dx =   6161.00000       5961.00000       5961.00000       5961.00000     F           3   50.0000000    
 top i n r vp vs =           5          10   6161.00000       8.30000305       4.52301073    
 bot i n r vp vs =           5          14   5961.00000       9.02997875       4.86998987    
 r0 r1 roc ric fluid l dx =   5961.00000       5711.00000       5711.00000       5711.00000     F           4   50.0000000    
 top i n r vp vs =           4          15   5961.00000       9.36001968       5.08001232    
 bot i n r vp vs =           4          20   5711.00000       10.1999817       5.60998869    
 r0 r1 roc ric fluid l dx =   5711.00000       3631.00000       3631.00000       3631.00000     F          41   49.5238113    
 top i n r vp vs =           3          21   5711.00000       10.7900152       5.96001530    
 bot i n r vp vs =           3          63   3631.00000       13.6493959       7.24899864    
 r0 r1 roc ric fluid l dx =   3631.00000       3479.50000       3479.50000       3479.50000     F           2   50.5000000    
 top i n r vp vs =           2          64   3631.00000       13.6493979       7.24899960    
 bot i n r vp vs =           2          67   3479.50000       13.6602001       7.28109932    
 r0 r1 roc ric fluid l dx =   3479.50000       1217.50000       3479.50000       1217.50000     T          44   50.2666664    
 top i n r vp vs =           1          68   3479.50000       8.00000286       8.00000286    
 bot i n r vp vs =           1         113   1217.50000       10.2889996       10.2889996    
 r0 r1 roc ric fluid l dx =   1217.50000       1.00000005E-03   3479.50000       1217.50000     T          23   50.7291260    
 top i n r vp vs =           0         114   1217.50000       11.0426998       11.0426998    
 bot i n r vp vs =           0         138   1.00000005E-03   11.2622004       11.2622004    
